# JRE version: OpenJDK Runtime Environment Corretto-21.0.4.7.1 (21.0.4+7) (build 21.0.4+7-LTS)
# Java VM: OpenJDK 64-Bit Server VM Corretto-21.0.4.7.1 (21.0.4+7-LTS, mixed mode, sharing, tiered, compressed oops, compressed class ptrs, g1 gc, windows-amd64)
GC Precious Log:
 CardTable entry size: 512
 Card Set container configuration: InlinePtr #cards 5 size 8 Array Of Cards #cards 12 size 40 Howl #buckets 4 coarsen threshold 1843 Howl Bitmap #cards 512 size 80 coarsen threshold 460 Card regions per heap region 1 cards per card region 2048
 CPUs: 4 total, 4 available
 Memory: 8067M
 Large Page Support: Disabled
 NUMA Support: Disabled
 Compressed Oops: Enabled (32-bit)
 Heap Region Size: 1M
 Heap Min Capacity: 8M
 Heap Initial Capacity: 128M
 Heap Max Capacity: 2018M
 Pre-touch: Disabled
 Parallel Workers: 4
 Concurrent Workers: 1
 Concurrent Refinement Workers: 4
 Periodic GC: Disabled
Heap:
 garbage-first heap   total 143360K, used 119296K [0x0000000081e00000, 0x0000000100000000)
  region size 1024K, 40 young (40960K), 7 survivors (7168K)
 Metaspace       used 37317K, committed 37952K, reserved 1114112K
  class space    used 4174K, committed 4480K, reserved 1048576K
GC Heap History (20 events):
Event: 9.834 GC heap before
{Heap before GC invocations=6 (full 0):
 garbage-first heap   total 102400K, used 86016K [0x0000000081e00000, 0x0000000100000000)
  region size 1024K, 60 young (61440K), 9 survivors (9216K)
 Metaspace       used 24865K, committed 25280K, reserved 1114112K
  class space    used 2782K, committed 3008K, reserved 1048576K
}
Event: 9.856 GC heap after
{Heap after GC invocations=7 (full 0):
 garbage-first heap   total 102400K, used 34214K [0x0000000081e00000, 0x0000000100000000)
  region size 1024K, 5 young (5120K), 5 survivors (5120K)
 Metaspace       used 24865K, committed 25280K, reserved 1114112K
  class space    used 2782K, committed 3008K, reserved 1048576K
}
Event: 10.540 GC heap before
{Heap before GC invocations=7 (full 0):
 garbage-first heap   total 102400K, used 90534K [0x0000000081e00000, 0x0000000100000000)
  region size 1024K, 51 young (52224K), 5 survivors (5120K)
 Metaspace       used 24986K, committed 25472K, reserved 1114112K
  class space    used 2782K, committed 3008K, reserved 1048576K
}
Event: 10.572 GC heap after
{Heap after GC invocations=8 (full 0):
 garbage-first heap   total 111616K, used 50688K [0x0000000081e00000, 0x0000000100000000)
  region size 1024K, 7 young (7168K), 7 survivors (7168K)
 Metaspace       used 24986K, committed 25472K, reserved 1114112K
  class space    used 2782K, committed 3008K, reserved 1048576K
}
Event: 11.123 GC heap before
{Heap before GC invocations=8 (full 0):
 garbage-first heap   total 111616K, used 86528K [0x0000000081e00000, 0x0000000100000000)
  region size 1024K, 41 young (41984K), 7 survivors (7168K)
 Metaspace       used 25132K, committed 25536K, reserved 1114112K
  class space    used 2788K, committed 3008K, reserved 1048576K
}
Event: 11.135 GC heap after
{Heap after GC invocations=9 (full 0):
 garbage-first heap   total 135168K, used 47616K [0x0000000081e00000, 0x0000000100000000)
  region size 1024K, 3 young (3072K), 3 survivors (3072K)
 Metaspace       used 25132K, committed 25536K, reserved 1114112K
  class space    used 2788K, committed 3008K, reserved 1048576K
}
Event: 20.652 GC heap before
{Heap before GC invocations=9 (full 0):
 garbage-first heap   total 135168K, used 116224K [0x0000000081e00000, 0x0000000100000000)
  region size 1024K, 58 young (59392K), 3 survivors (3072K)
 Metaspace       used 29876K, committed 30208K, reserved 1114112K
  class space    used 3351K, committed 3520K, reserved 1048576K
}
Event: 20.663 GC heap after
{Heap after GC invocations=10 (full 0):
 garbage-first heap   total 135168K, used 63872K [0x0000000081e00000, 0x0000000100000000)
  region size 1024K, 7 young (7168K), 7 survivors (7168K)
 Metaspace       used 29876K, committed 30208K, reserved 1114112K
  class space    used 3351K, committed 3520K, reserved 1048576K
}
Event: 20.708 GC heap before
{Heap before GC invocations=10 (full 0):
 garbage-first heap   total 135168K, used 67968K [0x0000000081e00000, 0x0000000100000000)
  region size 1024K, 9 young (9216K), 7 survivors (7168K)
 Metaspace       used 30087K, committed 30464K, reserved 1114112K
  class space    used 3386K, committed 3584K, reserved 1048576K
}
Event: 20.718 GC heap after
{Heap after GC invocations=11 (full 0):
 garbage-first heap   total 135168K, used 66843K [0x0000000081e00000, 0x0000000100000000)
  region size 1024K, 4 young (4096K), 4 survivors (4096K)
 Metaspace       used 30087K, committed 30464K, reserved 1114112K
  class space    used 3386K, committed 3584K, reserved 1048576K
}
Event: 22.458 GC heap before
{Heap before GC invocations=12 (full 0):
 garbage-first heap   total 135168K, used 125211K [0x0000000081e00000, 0x0000000100000000)
  region size 1024K, 51 young (52224K), 4 survivors (4096K)
 Metaspace       used 31893K, committed 32320K, reserved 1114112K
  class space    used 3601K, committed 3776K, reserved 1048576K
}
Event: 22.466 GC heap after
{Heap after GC invocations=13 (full 0):
 garbage-first heap   total 135168K, used 52747K [0x0000000081e00000, 0x0000000100000000)
  region size 1024K, 6 young (6144K), 6 survivors (6144K)
 Metaspace       used 31893K, committed 32320K, reserved 1114112K
  class space    used 3601K, committed 3776K, reserved 1048576K
}
Event: 23.571 GC heap before
{Heap before GC invocations=13 (full 0):
 garbage-first heap   total 135168K, used 118283K [0x0000000081e00000, 0x0000000100000000)
  region size 1024K, 66 young (67584K), 6 survivors (6144K)
 Metaspace       used 32163K, committed 32640K, reserved 1114112K
  class space    used 3607K, committed 3840K, reserved 1048576K
}
Event: 23.599 GC heap after
{Heap after GC invocations=14 (full 0):
 garbage-first heap   total 140288K, used 67467K [0x0000000081e00000, 0x0000000100000000)
  region size 1024K, 9 young (9216K), 9 survivors (9216K)
 Metaspace       used 32163K, committed 32640K, reserved 1114112K
  class space    used 3607K, committed 3840K, reserved 1048576K
}
Event: 25.151 GC heap before
{Heap before GC invocations=14 (full 0):
 garbage-first heap   total 140288K, used 113547K [0x0000000081e00000, 0x0000000100000000)
  region size 1024K, 55 young (56320K), 9 survivors (9216K)
 Metaspace       used 34692K, committed 35328K, reserved 1114112K
  class space    used 3892K, committed 4224K, reserved 1048576K
}
Event: 25.169 GC heap after
{Heap after GC invocations=15 (full 0):
 garbage-first heap   total 140288K, used 70614K [0x0000000081e00000, 0x0000000100000000)
  region size 1024K, 3 young (3072K), 3 survivors (3072K)
 Metaspace       used 34692K, committed 35328K, reserved 1114112K
  class space    used 3892K, committed 4224K, reserved 1048576K
}
Event: 26.019 GC heap before
{Heap before GC invocations=15 (full 0):
 garbage-first heap   total 140288K, used 95190K [0x0000000081e00000, 0x0000000100000000)
  region size 1024K, 28 young (28672K), 3 survivors (3072K)
 Metaspace       used 35793K, committed 36416K, reserved 1114112K
  class space    used 4006K, committed 4288K, reserved 1048576K
}
Event: 26.030 GC heap after
{Heap after GC invocations=16 (full 0):
 garbage-first heap   total 140288K, used 70815K [0x0000000081e00000, 0x0000000100000000)
  region size 1024K, 4 young (4096K), 4 survivors (4096K)
 Metaspace       used 35793K, committed 36416K, reserved 1114112K
  class space    used 4006K, committed 4288K, reserved 1048576K
}
Event: 26.979 GC heap before
{Heap before GC invocations=17 (full 0):
 garbage-first heap   total 140288K, used 122015K [0x0000000081e00000, 0x0000000100000000)
  region size 1024K, 53 young (54272K), 4 survivors (4096K)
 Metaspace       used 36077K, committed 36736K, reserved 1114112K
  class space    used 4026K, committed 4352K, reserved 1048576K
}
Event: 27.007 GC heap after
{Heap after GC invocations=18 (full 0):
 garbage-first heap   total 143360K, used 87552K [0x0000000081e00000, 0x0000000100000000)
  region size 1024K, 7 young (7168K), 7 survivors (7168K)
 Metaspace       used 36077K, committed 36736K, reserved 1114112K
  class space    used 4026K, committed 4352K, reserved 1048576K
}

