# JRE version: OpenJDK Runtime Environment Corretto-21.0.4.7.1 (21.0.4+7) (build 21.0.4+7-LTS)
# Java VM: OpenJDK 64-Bit Server VM Corretto-21.0.4.7.1 (21.0.4+7-LTS, mixed mode, sharing, tiered, compressed oops, compressed class ptrs, g1 gc, windows-amd64)
GC Precious Log:
 CardTable entry size: 512
 Card Set container configuration: InlinePtr #cards 5 size 8 Array Of Cards #cards 12 size 40 Howl #buckets 4 coarsen threshold 1843 Howl Bitmap #cards 512 size 80 coarsen threshold 460 Card regions per heap region 1 cards per card region 2048
 CPUs: 4 total, 4 available
 Memory: 8067M
 Large Page Support: Disabled
 NUMA Support: Disabled
 Compressed Oops: Enabled (32-bit)
 Heap Region Size: 1M
 Heap Min Capacity: 8M
 Heap Initial Capacity: 128M
 Heap Max Capacity: 2018M
 Pre-touch: Disabled
 Parallel Workers: 4
 Concurrent Workers: 1
 Concurrent Refinement Workers: 4
 Periodic GC: Disabled
Heap:
 garbage-first heap   total 48128K, used 30146K [0x0000000081e00000, 0x0000000100000000)
  region size 1024K, 12 young (12288K), 3 survivors (3072K)
 Metaspace       used 53303K, committed 53888K, reserved 1114112K
  class space    used 7482K, committed 7744K, reserved 1048576K
GC Heap History (20 events):
Event: 0.692 GC heap before
{Heap before GC invocations=0 (full 0):
 garbage-first heap   total 131072K, used 13312K [0x0000000081e00000, 0x0000000100000000)
  region size 1024K, 13 young (13312K), 0 survivors (0K)
 Metaspace       used 2913K, committed 3136K, reserved 1114112K
  class space    used 277K, committed 384K, reserved 1048576K
}
Event: 0.705 GC heap after
{Heap after GC invocations=1 (full 0):
 garbage-first heap   total 131072K, used 6960K [0x0000000081e00000, 0x0000000100000000)
  region size 1024K, 2 young (2048K), 2 survivors (2048K)
 Metaspace       used 2913K, committed 3136K, reserved 1114112K
  class space    used 277K, committed 384K, reserved 1048576K
}
Event: 1.434 GC heap before
{Heap before GC invocations=1 (full 0):
 garbage-first heap   total 131072K, used 17200K [0x0000000081e00000, 0x0000000100000000)
  region size 1024K, 12 young (12288K), 2 survivors (2048K)
 Metaspace       used 5883K, committed 6016K, reserved 1114112K
  class space    used 710K, committed 768K, reserved 1048576K
}
Event: 1.440 GC heap after
{Heap after GC invocations=2 (full 0):
 garbage-first heap   total 131072K, used 7972K [0x0000000081e00000, 0x0000000100000000)
  region size 1024K, 1 young (1024K), 1 survivors (1024K)
 Metaspace       used 5883K, committed 6016K, reserved 1114112K
  class space    used 710K, committed 768K, reserved 1048576K
}
Event: 3.911 GC heap before
{Heap before GC invocations=2 (full 0):
 garbage-first heap   total 131072K, used 40740K [0x0000000081e00000, 0x0000000100000000)
  region size 1024K, 34 young (34816K), 1 survivors (1024K)
 Metaspace       used 14949K, committed 15232K, reserved 1114112K
  class space    used 1956K, committed 2048K, reserved 1048576K
}
Event: 3.920 GC heap after
{Heap after GC invocations=3 (full 0):
 garbage-first heap   total 131072K, used 10717K [0x0000000081e00000, 0x0000000100000000)
  region size 1024K, 4 young (4096K), 4 survivors (4096K)
 Metaspace       used 14949K, committed 15232K, reserved 1114112K
  class space    used 1956K, committed 2048K, reserved 1048576K
}
Event: 5.773 GC heap before
{Heap before GC invocations=3 (full 0):
 garbage-first heap   total 131072K, used 47581K [0x0000000081e00000, 0x0000000100000000)
  region size 1024K, 41 young (41984K), 4 survivors (4096K)
 Metaspace       used 21133K, committed 21504K, reserved 1114112K
  class space    used 2788K, committed 2944K, reserved 1048576K
}
Event: 5.789 GC heap after
{Heap after GC invocations=4 (full 0):
 garbage-first heap   total 131072K, used 14032K [0x0000000081e00000, 0x0000000100000000)
  region size 1024K, 7 young (7168K), 7 survivors (7168K)
 Metaspace       used 21133K, committed 21504K, reserved 1114112K
  class space    used 2788K, committed 2944K, reserved 1048576K
}
Event: 6.921 GC heap before
{Heap before GC invocations=5 (full 0):
 garbage-first heap   total 48128K, used 35536K [0x0000000081e00000, 0x0000000100000000)
  region size 1024K, 28 young (28672K), 7 survivors (7168K)
 Metaspace       used 25830K, committed 26304K, reserved 1114112K
  class space    used 3468K, committed 3648K, reserved 1048576K
}
Event: 6.945 GC heap after
{Heap after GC invocations=6 (full 0):
 garbage-first heap   total 48128K, used 15313K [0x0000000081e00000, 0x0000000100000000)
  region size 1024K, 2 young (2048K), 2 survivors (2048K)
 Metaspace       used 25830K, committed 26304K, reserved 1114112K
  class space    used 3468K, committed 3648K, reserved 1048576K
}
Event: 8.396 GC heap before
{Heap before GC invocations=6 (full 0):
 garbage-first heap   total 48128K, used 35793K [0x0000000081e00000, 0x0000000100000000)
  region size 1024K, 23 young (23552K), 2 survivors (2048K)
 Metaspace       used 32323K, committed 32832K, reserved 1114112K
  class space    used 4381K, committed 4608K, reserved 1048576K
}
Event: 8.407 GC heap after
{Heap after GC invocations=7 (full 0):
 garbage-first heap   total 48128K, used 16961K [0x0000000081e00000, 0x0000000100000000)
  region size 1024K, 3 young (3072K), 3 survivors (3072K)
 Metaspace       used 32323K, committed 32832K, reserved 1114112K
  class space    used 4381K, committed 4608K, reserved 1048576K
}
Event: 9.130 GC heap before
{Heap before GC invocations=7 (full 0):
 garbage-first heap   total 48128K, used 28225K [0x0000000081e00000, 0x0000000100000000)
  region size 1024K, 16 young (16384K), 3 survivors (3072K)
 Metaspace       used 35652K, committed 36096K, reserved 1114112K
  class space    used 4846K, committed 5056K, reserved 1048576K
}
Event: 9.143 GC heap after
{Heap after GC invocations=8 (full 0):
 garbage-first heap   total 48128K, used 17670K [0x0000000081e00000, 0x0000000100000000)
  region size 1024K, 3 young (3072K), 3 survivors (3072K)
 Metaspace       used 35652K, committed 36096K, reserved 1114112K
  class space    used 4846K, committed 5056K, reserved 1048576K
}
Event: 12.457 GC heap before
{Heap before GC invocations=9 (full 0):
 garbage-first heap   total 48128K, used 40198K [0x0000000081e00000, 0x0000000100000000)
  region size 1024K, 25 young (25600K), 3 survivors (3072K)
 Metaspace       used 42270K, committed 42752K, reserved 1114112K
  class space    used 5779K, committed 6016K, reserved 1048576K
}
Event: 12.469 GC heap after
{Heap after GC invocations=10 (full 0):
 garbage-first heap   total 48128K, used 19452K [0x0000000081e00000, 0x0000000100000000)
  region size 1024K, 3 young (3072K), 3 survivors (3072K)
 Metaspace       used 42270K, committed 42752K, reserved 1114112K
  class space    used 5779K, committed 6016K, reserved 1048576K
}
Event: 13.504 GC heap before
{Heap before GC invocations=10 (full 0):
 garbage-first heap   total 48128K, used 39932K [0x0000000081e00000, 0x0000000100000000)
  region size 1024K, 24 young (24576K), 3 survivors (3072K)
 Metaspace       used 47595K, committed 48192K, reserved 1114112K
  class space    used 6670K, committed 6976K, reserved 1048576K
}
Event: 13.514 GC heap after
{Heap after GC invocations=11 (full 0):
 garbage-first heap   total 48128K, used 19884K [0x0000000081e00000, 0x0000000100000000)
  region size 1024K, 3 young (3072K), 3 survivors (3072K)
 Metaspace       used 47595K, committed 48192K, reserved 1114112K
  class space    used 6670K, committed 6976K, reserved 1048576K
}
Event: 14.371 GC heap before
{Heap before GC invocations=11 (full 0):
 garbage-first heap   total 48128K, used 41388K [0x0000000081e00000, 0x0000000100000000)
  region size 1024K, 24 young (24576K), 3 survivors (3072K)
 Metaspace       used 51746K, committed 52288K, reserved 1114112K
  class space    used 7235K, committed 7488K, reserved 1048576K
}
Event: 14.385 GC heap after
{Heap after GC invocations=12 (full 0):
 garbage-first heap   total 48128K, used 21954K [0x0000000081e00000, 0x0000000100000000)
  region size 1024K, 3 young (3072K), 3 survivors (3072K)
 Metaspace       used 51746K, committed 52288K, reserved 1114112K
  class space    used 7235K, committed 7488K, reserved 1048576K
}

